{"C:\\Users\\Will\\Documents\\typescriptsource\\DogApiFront\\src\\components\\checkbox-hide-input\\CheckboxHideInput.tsx": {"path":"C:\\Users\\Will\\Documents\\typescriptsource\\DogApiFront\\src\\components\\checkbox-hide-input\\CheckboxHideInput.tsx","statementMap":{"0":{"start":{"line":1,"column":0},"end":{"line":1,"column":26}},"1":{"start":{"line":2,"column":0},"end":{"line":2,"column":35}},"2":{"start":{"line":5,"column":2},"end":{"line":10,"column":4}},"3":{"start":{"line":4,"column":0},"end":{"line":4,"column":24}}},"fnMap":{"0":{"name":"CheckboxHideInput","decl":{"start":{"line":4,"column":24},"end":{"line":4,"column":41}},"loc":{"start":{"line":4,"column":68},"end":{"line":11,"column":1}}}},"branchMap":{},"s":{"0":1,"1":1,"2":4,"3":1},"f":{"0":4},"b":{}}
,"C:\\Users\\Will\\Documents\\typescriptsource\\DogApiFront\\src\\components\\collapsible-span\\CollapsibleSpan.tsx": {"path":"C:\\Users\\Will\\Documents\\typescriptsource\\DogApiFront\\src\\components\\collapsible-span\\CollapsibleSpan.tsx","statementMap":{"0":{"start":{"line":1,"column":0},"end":{"line":1,"column":40}},"1":{"start":{"line":2,"column":0},"end":{"line":2,"column":32}},"2":{"start":{"line":3,"column":0},"end":{"line":3,"column":36}},"3":{"start":{"line":12,"column":39},"end":{"line":12,"column":63}},"4":{"start":{"line":14,"column":2},"end":{"line":37,"column":4}},"5":{"start":{"line":21,"column":23},"end":{"line":21,"column":50}},"6":{"start":{"line":25,"column":23},"end":{"line":25,"column":50}},"7":{"start":{"line":5,"column":0},"end":{"line":5,"column":24}}},"fnMap":{"0":{"name":"CollapsibleSpan","decl":{"start":{"line":5,"column":24},"end":{"line":5,"column":39}},"loc":{"start":{"line":11,"column":1},"end":{"line":38,"column":1}}},"1":{"name":"(anonymous_8)","decl":{"start":{"line":21,"column":17},"end":{"line":21,"column":20}},"loc":{"start":{"line":21,"column":23},"end":{"line":21,"column":50}}},"2":{"name":"(anonymous_9)","decl":{"start":{"line":25,"column":17},"end":{"line":25,"column":20}},"loc":{"start":{"line":25,"column":23},"end":{"line":25,"column":50}}}},"branchMap":{},"s":{"0":1,"1":1,"2":1,"3":5,"4":5,"5":1,"6":1,"7":1},"f":{"0":5,"1":1,"2":1},"b":{}}
,"C:\\Users\\Will\\Documents\\typescriptsource\\DogApiFront\\src\\components\\five-star-rating\\FiveStarRating.tsx": {"path":"C:\\Users\\Will\\Documents\\typescriptsource\\DogApiFront\\src\\components\\five-star-rating\\FiveStarRating.tsx","statementMap":{"0":{"start":{"line":1,"column":0},"end":{"line":1,"column":26}},"1":{"start":{"line":2,"column":0},"end":{"line":2,"column":32}},"2":{"start":{"line":9,"column":2},"end":{"line":58,"column":4}},"3":{"start":{"line":4,"column":0},"end":{"line":4,"column":24}}},"fnMap":{"0":{"name":"FiveStarRating","decl":{"start":{"line":4,"column":24},"end":{"line":4,"column":38}},"loc":{"start":{"line":8,"column":1},"end":{"line":59,"column":1}}}},"branchMap":{},"s":{"0":1,"1":1,"2":1,"3":1},"f":{"0":1},"b":{}}
,"C:\\Users\\Will\\Documents\\typescriptsource\\DogApiFront\\src\\components\\navbar\\Navbar.tsx": {"path":"C:\\Users\\Will\\Documents\\typescriptsource\\DogApiFront\\src\\components\\navbar\\Navbar.tsx","statementMap":{"0":{"start":{"line":1,"column":0},"end":{"line":1,"column":40}},"1":{"start":{"line":2,"column":0},"end":{"line":2,"column":53}},"2":{"start":{"line":3,"column":0},"end":{"line":3,"column":22}},"3":{"start":{"line":4,"column":0},"end":{"line":4,"column":51}},"4":{"start":{"line":5,"column":0},"end":{"line":5,"column":59}},"5":{"start":{"line":8,"column":44},"end":{"line":8,"column":59}},"6":{"start":{"line":9,"column":2},"end":{"line":9,"column":4}},"7":{"start":{"line":10,"column":19},"end":{"line":10,"column":32}},"8":{"start":{"line":13,"column":4},"end":{"line":13,"column":37}},"9":{"start":{"line":14,"column":4},"end":{"line":16,"column":50}},"10":{"start":{"line":18,"column":2},"end":{"line":68,"column":4}},"11":{"start":{"line":28,"column":12},"end":{"line":28,"column":26}},"12":{"start":{"line":71,"column":0},"end":{"line":71,"column":22}}},"fnMap":{"0":{"name":"Navbar","decl":{"start":{"line":7,"column":9},"end":{"line":7,"column":15}},"loc":{"start":{"line":7,"column":15},"end":{"line":69,"column":1}}},"1":{"name":"handleClick","decl":{"start":{"line":12,"column":11},"end":{"line":12,"column":22}},"loc":{"start":{"line":12,"column":22},"end":{"line":17,"column":3}}},"2":{"name":"(anonymous_9)","decl":{"start":{"line":27,"column":19},"end":{"line":27,"column":22}},"loc":{"start":{"line":27,"column":24},"end":{"line":29,"column":11}}}},"branchMap":{"0":{"loc":{"start":{"line":14,"column":4},"end":{"line":16,"column":49}},"type":"cond-expr","locations":[{"start":{"line":15,"column":9},"end":{"line":15,"column":49}},{"start":{"line":16,"column":9},"end":{"line":16,"column":48}}]},"1":{"loc":{"start":{"line":35,"column":12},"end":{"line":35,"column":74}},"type":"cond-expr","locations":[{"start":{"line":35,"column":28},"end":{"line":35,"column":54}},{"start":{"line":35,"column":57},"end":{"line":35,"column":74}}]}},"s":{"0":1,"1":1,"2":1,"3":1,"4":1,"5":8,"6":8,"7":8,"8":2,"9":2,"10":8,"11":2,"12":1},"f":{"0":8,"1":2,"2":2},"b":{"0":[1,1],"1":[1,7]}}
,"C:\\Users\\Will\\Documents\\typescriptsource\\DogApiFront\\src\\components\\pagination\\Pagination.tsx": {"path":"C:\\Users\\Will\\Documents\\typescriptsource\\DogApiFront\\src\\components\\pagination\\Pagination.tsx","statementMap":{"0":{"start":{"line":1,"column":0},"end":{"line":1,"column":26}},"1":{"start":{"line":3,"column":0},"end":{"line":3,"column":26}},"2":{"start":{"line":4,"column":0},"end":{"line":4,"column":61}},"3":{"start":{"line":5,"column":0},"end":{"line":5,"column":36}},"4":{"start":{"line":20,"column":26},"end":{"line":24,"column":4}},"5":{"start":{"line":25,"column":19},"end":{"line":25,"column":62}},"6":{"start":{"line":27,"column":17},"end":{"line":29,"column":3}},"7":{"start":{"line":28,"column":4},"end":{"line":28,"column":34}},"8":{"start":{"line":31,"column":21},"end":{"line":33,"column":3}},"9":{"start":{"line":32,"column":4},"end":{"line":32,"column":34}},"10":{"start":{"line":35,"column":2},"end":{"line":66,"column":4}},"11":{"start":{"line":47,"column":8},"end":{"line":52,"column":12}},"12":{"start":{"line":48,"column":10},"end":{"line":52,"column":12}},"13":{"start":{"line":49,"column":48},"end":{"line":49,"column":72}},"14":{"start":{"line":53,"column":8},"end":{"line":54,"column":62}},"15":{"start":{"line":54,"column":10},"end":{"line":54,"column":62}},"16":{"start":{"line":14,"column":0},"end":{"line":14,"column":24}}},"fnMap":{"0":{"name":"Pagination","decl":{"start":{"line":14,"column":24},"end":{"line":14,"column":34}},"loc":{"start":{"line":19,"column":12},"end":{"line":67,"column":1}}},"1":{"name":"(anonymous_2)","decl":{"start":{"line":27,"column":17},"end":{"line":27,"column":20}},"loc":{"start":{"line":27,"column":22},"end":{"line":29,"column":3}}},"2":{"name":"(anonymous_3)","decl":{"start":{"line":31,"column":21},"end":{"line":31,"column":24}},"loc":{"start":{"line":31,"column":26},"end":{"line":33,"column":3}}},"3":{"name":"(anonymous_4)","decl":{"start":{"line":46,"column":27},"end":{"line":46,"column":28}},"loc":{"start":{"line":46,"column":49},"end":{"line":55,"column":7}}},"4":{"name":"(anonymous_5)","decl":{"start":{"line":49,"column":42},"end":{"line":49,"column":45}},"loc":{"start":{"line":49,"column":48},"end":{"line":49,"column":72}}}},"branchMap":{"0":{"loc":{"start":{"line":47,"column":8},"end":{"line":52,"column":12}},"type":"if","locations":[{"start":{"line":47,"column":8},"end":{"line":52,"column":12}}]},"1":{"loc":{"start":{"line":53,"column":8},"end":{"line":54,"column":62}},"type":"if","locations":[{"start":{"line":53,"column":8},"end":{"line":54,"column":62}}]}},"s":{"0":1,"1":1,"2":1,"3":1,"4":9,"5":9,"6":9,"7":1,"8":9,"9":1,"10":9,"11":39,"12":34,"13":1,"14":5,"15":5,"16":1},"f":{"0":9,"1":1,"2":1,"3":39,"4":1},"b":{"0":[34],"1":[5]}}
,"C:\\Users\\Will\\Documents\\typescriptsource\\DogApiFront\\src\\components\\radio-hide-input\\RadioHideInput.tsx": {"path":"C:\\Users\\Will\\Documents\\typescriptsource\\DogApiFront\\src\\components\\radio-hide-input\\RadioHideInput.tsx","statementMap":{"0":{"start":{"line":1,"column":0},"end":{"line":1,"column":26}},"1":{"start":{"line":2,"column":0},"end":{"line":2,"column":32}},"2":{"start":{"line":16,"column":2},"end":{"line":27,"column":4}},"3":{"start":{"line":11,"column":0},"end":{"line":11,"column":24}}},"fnMap":{"0":{"name":"RadioHideInput","decl":{"start":{"line":11,"column":24},"end":{"line":11,"column":38}},"loc":{"start":{"line":15,"column":22},"end":{"line":28,"column":1}}}},"branchMap":{},"s":{"0":1,"1":1,"2":3,"3":1},"f":{"0":3},"b":{}}
,"C:\\Users\\Will\\Documents\\typescriptsource\\DogApiFront\\src\\components\\search-filter\\SearchFilter.tsx": {"path":"C:\\Users\\Will\\Documents\\typescriptsource\\DogApiFront\\src\\components\\search-filter\\SearchFilter.tsx","statementMap":{"0":{"start":{"line":1,"column":0},"end":{"line":1,"column":38}},"1":{"start":{"line":2,"column":0},"end":{"line":2,"column":29}},"2":{"start":{"line":18,"column":25},"end":{"line":18,"column":55}},"3":{"start":{"line":19,"column":22},"end":{"line":19,"column":42}},"4":{"start":{"line":23,"column":27},"end":{"line":23,"column":49}},"5":{"start":{"line":24,"column":4},"end":{"line":24,"column":31}},"6":{"start":{"line":25,"column":4},"end":{"line":25,"column":50}},"7":{"start":{"line":25,"column":24},"end":{"line":25,"column":50}},"8":{"start":{"line":26,"column":4},"end":{"line":26,"column":22}},"9":{"start":{"line":30,"column":27},"end":{"line":30,"column":49}},"10":{"start":{"line":32,"column":4},"end":{"line":34,"column":null}},"11":{"start":{"line":33,"column":6},"end":{"line":33,"column":52}},"12":{"start":{"line":38,"column":4},"end":{"line":41,"column":null}},"13":{"start":{"line":39,"column":26},"end":{"line":39,"column":54}},"14":{"start":{"line":40,"column":6},"end":{"line":40,"column":65}},"15":{"start":{"line":40,"column":23},"end":{"line":40,"column":65}},"16":{"start":{"line":44,"column":2},"end":{"line":61,"column":4}},"17":{"start":{"line":12,"column":0},"end":{"line":12,"column":24}}},"fnMap":{"0":{"name":"SearchFilter","decl":{"start":{"line":12,"column":24},"end":{"line":12,"column":36}},"loc":{"start":{"line":17,"column":20},"end":{"line":62,"column":1}}},"1":{"name":"clearInput","decl":{"start":{"line":22,"column":11},"end":{"line":22,"column":21}},"loc":{"start":{"line":22,"column":21},"end":{"line":27,"column":3}}},"2":{"name":"handleClick","decl":{"start":{"line":29,"column":11},"end":{"line":29,"column":22}},"loc":{"start":{"line":29,"column":22},"end":{"line":35,"column":3}}},"3":{"name":"handleKeyPress","decl":{"start":{"line":37,"column":11},"end":{"line":37,"column":25}},"loc":{"start":{"line":37,"column":66},"end":{"line":42,"column":3}}}},"branchMap":{"0":{"loc":{"start":{"line":25,"column":4},"end":{"line":25,"column":50}},"type":"if","locations":[{"start":{"line":25,"column":4},"end":{"line":25,"column":50}}]},"1":{"loc":{"start":{"line":32,"column":4},"end":{"line":34,"column":null}},"type":"if","locations":[{"start":{"line":32,"column":4},"end":{"line":34,"column":null}}]},"2":{"loc":{"start":{"line":32,"column":8},"end":{"line":32,"column":44}},"type":"binary-expr","locations":[{"start":{"line":32,"column":8},"end":{"line":32,"column":29}},{"start":{"line":32,"column":33},"end":{"line":32,"column":44}}]},"3":{"loc":{"start":{"line":38,"column":4},"end":{"line":41,"column":null}},"type":"if","locations":[{"start":{"line":38,"column":4},"end":{"line":41,"column":null}}]},"4":{"loc":{"start":{"line":40,"column":6},"end":{"line":40,"column":65}},"type":"if","locations":[{"start":{"line":40,"column":6},"end":{"line":40,"column":65}}]}},"s":{"0":1,"1":1,"2":5,"3":5,"4":1,"5":1,"6":1,"7":1,"8":1,"9":2,"10":2,"11":1,"12":25,"13":1,"14":1,"15":1,"16":5,"17":1},"f":{"0":5,"1":1,"2":2,"3":25},"b":{"0":[1],"1":[1],"2":[2,1],"3":[1],"4":[1]}}
,"C:\\Users\\Will\\Documents\\typescriptsource\\DogApiFront\\src\\components\\table-component\\TableComponent.tsx": {"path":"C:\\Users\\Will\\Documents\\typescriptsource\\DogApiFront\\src\\components\\table-component\\TableComponent.tsx","statementMap":{"0":{"start":{"line":1,"column":0},"end":{"line":1,"column":26}},"1":{"start":{"line":12,"column":2},"end":{"line":32,"column":4}},"2":{"start":{"line":17,"column":12},"end":{"line":17,"column":64}},"3":{"start":{"line":24,"column":33},"end":{"line":24,"column":52}},"4":{"start":{"line":25,"column":30},"end":{"line":25,"column":45}},"5":{"start":{"line":26,"column":27},"end":{"line":26,"column":40}},"6":{"start":{"line":27,"column":12},"end":{"line":27,"column":73}},"7":{"start":{"line":8,"column":0},"end":{"line":8,"column":24}},"8":{"start":{"line":36,"column":2},"end":{"line":36,"column":38}},"9":{"start":{"line":40,"column":2},"end":{"line":40,"column":72}},"10":{"start":{"line":40,"column":57},"end":{"line":40,"column":64}}},"fnMap":{"0":{"name":"TableComponent","decl":{"start":{"line":8,"column":24},"end":{"line":8,"column":38}},"loc":{"start":{"line":11,"column":22},"end":{"line":33,"column":1}}},"1":{"name":"(anonymous_2)","decl":{"start":{"line":16,"column":25},"end":{"line":16,"column":26}},"loc":{"start":{"line":16,"column":36},"end":{"line":18,"column":11}}},"2":{"name":"(anonymous_3)","decl":{"start":{"line":23,"column":25},"end":{"line":23,"column":26}},"loc":{"start":{"line":23,"column":34},"end":{"line":28,"column":11}}},"3":{"name":"TableHeadItem","decl":{"start":{"line":35,"column":9},"end":{"line":35,"column":22}},"loc":{"start":{"line":35,"column":49},"end":{"line":37,"column":1}}},"4":{"name":"TableRow","decl":{"start":{"line":39,"column":9},"end":{"line":39,"column":17}},"loc":{"start":{"line":39,"column":67},"end":{"line":41,"column":1}}},"5":{"name":"(anonymous_6)","decl":{"start":{"line":40,"column":31},"end":{"line":40,"column":32}},"loc":{"start":{"line":40,"column":57},"end":{"line":40,"column":64}}}},"branchMap":{"0":{"loc":{"start":{"line":21,"column":7},"end":{"line":29,"column":null}},"type":"binary-expr","locations":[{"start":{"line":21,"column":7},"end":{"line":21,"column":16}},{"start":{"line":22,"column":8},"end":{"line":28,"column":null}}]}},"s":{"0":1,"1":1,"2":1,"3":98,"4":98,"5":98,"6":98,"7":1,"8":1,"9":98,"10":294},"f":{"0":1,"1":1,"2":98,"3":1,"4":98,"5":294},"b":{"0":[1,1]}}
,"C:\\Users\\Will\\Documents\\typescriptsource\\DogApiFront\\src\\custom-hooks\\usePagination.ts": {"path":"C:\\Users\\Will\\Documents\\typescriptsource\\DogApiFront\\src\\custom-hooks\\usePagination.ts","statementMap":{"0":{"start":{"line":1,"column":0},"end":{"line":1,"column":32}},"1":{"start":{"line":2,"column":0},"end":{"line":2,"column":23}},"2":{"start":{"line":17,"column":26},"end":{"line":57,"column":45}},"3":{"start":{"line":18,"column":17},"end":{"line":18,"column":22}},"4":{"start":{"line":19,"column":26},"end":{"line":19,"column":62}},"5":{"start":{"line":20,"column":27},"end":{"line":20,"column":43}},"6":{"start":{"line":22,"column":4},"end":{"line":22,"column":78}},"7":{"start":{"line":22,"column":41},"end":{"line":22,"column":78}},"8":{"start":{"line":24,"column":29},"end":{"line":24,"column":68}},"9":{"start":{"line":25,"column":30},"end":{"line":27,"column":null}},"10":{"start":{"line":30,"column":31},"end":{"line":30,"column":51}},"11":{"start":{"line":31,"column":32},"end":{"line":31,"column":69}},"12":{"start":{"line":33,"column":27},"end":{"line":33,"column":28}},"13":{"start":{"line":34,"column":26},"end":{"line":34,"column":39}},"14":{"start":{"line":36,"column":4},"end":{"line":41,"column":null}},"15":{"start":{"line":37,"column":26},"end":{"line":37,"column":46}},"16":{"start":{"line":38,"column":22},"end":{"line":38,"column":51}},"17":{"start":{"line":40,"column":6},"end":{"line":40,"column":49}},"18":{"start":{"line":43,"column":4},"end":{"line":50,"column":null}},"19":{"start":{"line":44,"column":27},"end":{"line":44,"column":47}},"20":{"start":{"line":45,"column":23},"end":{"line":47,"column":null}},"21":{"start":{"line":49,"column":6},"end":{"line":49,"column":51}},"22":{"start":{"line":52,"column":4},"end":{"line":55,"column":null}},"23":{"start":{"line":53,"column":24},"end":{"line":53,"column":72}},"24":{"start":{"line":54,"column":6},"end":{"line":54,"column":73}},"25":{"start":{"line":56,"column":4},"end":{"line":56,"column":14}},"26":{"start":{"line":59,"column":2},"end":{"line":59,"column":25}},"27":{"start":{"line":11,"column":0},"end":{"line":11,"column":24}}},"fnMap":{"0":{"name":"usePagination","decl":{"start":{"line":11,"column":24},"end":{"line":11,"column":37}},"loc":{"start":{"line":16,"column":11},"end":{"line":60,"column":1}}},"1":{"name":"(anonymous_2)","decl":{"start":{"line":17,"column":34},"end":{"line":17,"column":37}},"loc":{"start":{"line":17,"column":39},"end":{"line":57,"column":3}}}},"branchMap":{"0":{"loc":{"start":{"line":15,"column":2},"end":{"line":15,"column":18}},"type":"default-arg","locations":[{"start":{"line":15,"column":17},"end":{"line":15,"column":18}}]},"1":{"loc":{"start":{"line":22,"column":4},"end":{"line":22,"column":78}},"type":"if","locations":[{"start":{"line":22,"column":4},"end":{"line":22,"column":78}}]},"2":{"loc":{"start":{"line":36,"column":4},"end":{"line":41,"column":null}},"type":"if","locations":[{"start":{"line":36,"column":4},"end":{"line":41,"column":null}}]},"3":{"loc":{"start":{"line":36,"column":8},"end":{"line":36,"column":50}},"type":"binary-expr","locations":[{"start":{"line":36,"column":8},"end":{"line":36,"column":27}},{"start":{"line":36,"column":31},"end":{"line":36,"column":50}}]},"4":{"loc":{"start":{"line":43,"column":4},"end":{"line":50,"column":null}},"type":"if","locations":[{"start":{"line":43,"column":4},"end":{"line":50,"column":null}}]},"5":{"loc":{"start":{"line":43,"column":8},"end":{"line":43,"column":50}},"type":"binary-expr","locations":[{"start":{"line":43,"column":8},"end":{"line":43,"column":26}},{"start":{"line":43,"column":30},"end":{"line":43,"column":50}}]},"6":{"loc":{"start":{"line":52,"column":4},"end":{"line":55,"column":null}},"type":"if","locations":[{"start":{"line":52,"column":4},"end":{"line":55,"column":null}}]},"7":{"loc":{"start":{"line":52,"column":8},"end":{"line":52,"column":49}},"type":"binary-expr","locations":[{"start":{"line":52,"column":8},"end":{"line":52,"column":26}},{"start":{"line":52,"column":30},"end":{"line":52,"column":49}}]}},"s":{"0":1,"1":1,"2":9,"3":9,"4":9,"5":9,"6":9,"7":4,"8":5,"9":5,"10":5,"11":5,"12":5,"13":5,"14":5,"15":1,"16":1,"17":1,"18":4,"19":2,"20":2,"21":2,"22":2,"23":1,"24":1,"25":1,"26":9,"27":1},"f":{"0":9,"1":9},"b":{"0":[9],"1":[4],"2":[1],"3":[5,2],"4":[2],"5":[4,3],"6":[1],"7":[2,1]}}
,"C:\\Users\\Will\\Documents\\typescriptsource\\DogApiFront\\src\\test-helpers\\BasicApp.tsx": {"path":"C:\\Users\\Will\\Documents\\typescriptsource\\DogApiFront\\src\\test-helpers\\BasicApp.tsx","statementMap":{"0":{"start":{"line":1,"column":0},"end":{"line":1,"column":26}},"1":{"start":{"line":2,"column":0},"end":{"line":2,"column":62}},"2":{"start":{"line":4,"column":13},"end":{"line":8,"column":null}},"3":{"start":{"line":5,"column":2},"end":{"line":7,"column":null}},"4":{"start":{"line":10,"column":18},"end":{"line":14,"column":null}},"5":{"start":{"line":11,"column":2},"end":{"line":13,"column":null}},"6":{"start":{"line":16,"column":19},"end":{"line":20,"column":null}},"7":{"start":{"line":17,"column":2},"end":{"line":19,"column":null}},"8":{"start":{"line":22,"column":14},"end":{"line":26,"column":null}},"9":{"start":{"line":23,"column":2},"end":{"line":25,"column":null}},"10":{"start":{"line":28,"column":17},"end":{"line":32,"column":null}},"11":{"start":{"line":29,"column":2},"end":{"line":31,"column":null}},"12":{"start":{"line":35,"column":17},"end":{"line":49,"column":1}},"13":{"start":{"line":36,"column":19},"end":{"line":36,"column":32}},"14":{"start":{"line":37,"column":2},"end":{"line":47,"column":4}},"15":{"start":{"line":51,"column":0},"end":{"line":51,"column":24}}},"fnMap":{"0":{"name":"(anonymous_1)","decl":{"start":{"line":4,"column":13},"end":{"line":4,"column":14}},"loc":{"start":{"line":5,"column":2},"end":{"line":7,"column":null}}},"1":{"name":"(anonymous_2)","decl":{"start":{"line":10,"column":18},"end":{"line":10,"column":19}},"loc":{"start":{"line":11,"column":2},"end":{"line":13,"column":null}}},"2":{"name":"(anonymous_3)","decl":{"start":{"line":16,"column":19},"end":{"line":16,"column":20}},"loc":{"start":{"line":17,"column":2},"end":{"line":19,"column":null}}},"3":{"name":"(anonymous_4)","decl":{"start":{"line":22,"column":14},"end":{"line":22,"column":15}},"loc":{"start":{"line":23,"column":2},"end":{"line":25,"column":null}}},"4":{"name":"(anonymous_5)","decl":{"start":{"line":28,"column":17},"end":{"line":28,"column":18}},"loc":{"start":{"line":29,"column":2},"end":{"line":31,"column":null}}},"5":{"name":"(anonymous_6)","decl":{"start":{"line":35,"column":17},"end":{"line":35,"column":20}},"loc":{"start":{"line":35,"column":22},"end":{"line":49,"column":1}}}},"branchMap":{},"s":{"0":1,"1":1,"2":1,"3":3,"4":1,"5":3,"6":1,"7":3,"8":1,"9":3,"10":1,"11":3,"12":1,"13":3,"14":3,"15":1},"f":{"0":3,"1":3,"2":3,"3":3,"4":3,"5":3},"b":{}}
,"C:\\Users\\Will\\Documents\\typescriptsource\\DogApiFront\\src\\test-helpers\\user-event-setup.tsx": {"path":"C:\\Users\\Will\\Documents\\typescriptsource\\DogApiFront\\src\\test-helpers\\user-event-setup.tsx","statementMap":{"0":{"start":{"line":1,"column":0},"end":{"line":1,"column":26}},"1":{"start":{"line":2,"column":0},"end":{"line":2,"column":52}},"2":{"start":{"line":3,"column":0},"end":{"line":3,"column":48}},"3":{"start":{"line":4,"column":0},"end":{"line":4,"column":71}},"4":{"start":{"line":12,"column":2},"end":{"line":15,"column":4}},"5":{"start":{"line":11,"column":0},"end":{"line":11,"column":16}},"6":{"start":{"line":20,"column":2},"end":{"line":20,"column":51}},"7":{"start":{"line":22,"column":2},"end":{"line":25,"column":4}},"8":{"start":{"line":19,"column":0},"end":{"line":19,"column":16}},"9":{"start":{"line":28,"column":28},"end":{"line":36,"column":1}},"10":{"start":{"line":31,"column":2},"end":{"line":35,"column":4}},"11":{"start":{"line":32,"column":4},"end":{"line":33,"column":null}},"12":{"start":{"line":42,"column":2},"end":{"line":45,"column":4}},"13":{"start":{"line":38,"column":0},"end":{"line":38,"column":16}},"14":{"start":{"line":52,"column":34},"end":{"line":58,"column":1}},"15":{"start":{"line":55,"column":2},"end":{"line":57,"column":4}},"16":{"start":{"line":56,"column":4},"end":{"line":56,"column":75}},"17":{"start":{"line":64,"column":2},"end":{"line":67,"column":4}},"18":{"start":{"line":60,"column":0},"end":{"line":60,"column":16}}},"fnMap":{"0":{"name":"setup","decl":{"start":{"line":11,"column":16},"end":{"line":11,"column":21}},"loc":{"start":{"line":11,"column":38},"end":{"line":16,"column":1}}},"1":{"name":"renderWithRouter","decl":{"start":{"line":19,"column":16},"end":{"line":19,"column":32}},"loc":{"start":{"line":19,"column":70},"end":{"line":26,"column":1}}},"2":{"name":"(anonymous_3)","decl":{"start":{"line":28,"column":28},"end":{"line":28,"column":null}},"loc":{"start":{"line":30,"column":39},"end":{"line":36,"column":1}}},"3":{"name":"(anonymous_4)","decl":{"start":{"line":31,"column":9},"end":{"line":31,"column":10}},"loc":{"start":{"line":32,"column":4},"end":{"line":33,"column":null}}},"4":{"name":"renderWithRouterAndHistory","decl":{"start":{"line":38,"column":16},"end":{"line":38,"column":42}},"loc":{"start":{"line":40,"column":24},"end":{"line":46,"column":1}}},"5":{"name":"(anonymous_6)","decl":{"start":{"line":52,"column":34},"end":{"line":52,"column":null}},"loc":{"start":{"line":54,"column":39},"end":{"line":58,"column":1}}},"6":{"name":"(anonymous_7)","decl":{"start":{"line":55,"column":9},"end":{"line":55,"column":10}},"loc":{"start":{"line":56,"column":4},"end":{"line":56,"column":75}}},"7":{"name":"renderWithMemoryRouter","decl":{"start":{"line":60,"column":16},"end":{"line":60,"column":38}},"loc":{"start":{"line":62,"column":26},"end":{"line":68,"column":1}}}},"branchMap":{"0":{"loc":{"start":{"line":19,"column":50},"end":{"line":19,"column":70}},"type":"default-arg","locations":[{"start":{"line":19,"column":68},"end":{"line":19,"column":70}}]},"1":{"loc":{"start":{"line":19,"column":52},"end":{"line":19,"column":63}},"type":"default-arg","locations":[{"start":{"line":19,"column":60},"end":{"line":19,"column":63}}]}},"s":{"0":8,"1":8,"2":8,"3":8,"4":25,"5":8,"6":2,"7":2,"8":8,"9":8,"10":1,"11":1,"12":1,"13":8,"14":8,"15":1,"16":1,"17":1,"18":8},"f":{"0":25,"1":2,"2":1,"3":1,"4":1,"5":1,"6":1,"7":1},"b":{"0":[2],"1":[2]}}
}
