TN:
SF:src\components\checkbox-hide-input\CheckboxHideInput.tsx
FN:4,CheckboxHideInput
FNF:1
FNH:1
FNDA:4,CheckboxHideInput
DA:1,1
DA:2,1
DA:4,1
DA:5,4
LF:4
LH:4
BRF:0
BRH:0
end_of_record
TN:
SF:src\components\collapsible-span\CollapsibleSpan.tsx
FN:5,CollapsibleSpan
FN:21,(anonymous_8)
FN:25,(anonymous_9)
FNF:3
FNH:3
FNDA:5,CollapsibleSpan
FNDA:1,(anonymous_8)
FNDA:1,(anonymous_9)
DA:1,1
DA:2,1
DA:3,1
DA:5,1
DA:12,5
DA:14,5
DA:21,1
DA:25,1
LF:8
LH:8
BRF:0
BRH:0
end_of_record
TN:
SF:src\components\five-star-rating\FiveStarRating.tsx
FN:4,FiveStarRating
FNF:1
FNH:1
FNDA:1,FiveStarRating
DA:1,1
DA:2,1
DA:4,1
DA:9,1
LF:4
LH:4
BRF:0
BRH:0
end_of_record
TN:
SF:src\components\navbar\Navbar.tsx
FN:7,Navbar
FN:12,handleClick
FN:27,(anonymous_9)
FNF:3
FNH:3
FNDA:8,Navbar
FNDA:2,handleClick
FNDA:2,(anonymous_9)
DA:1,1
DA:2,1
DA:3,1
DA:4,1
DA:5,1
DA:8,8
DA:9,8
DA:10,8
DA:13,2
DA:14,2
DA:18,8
DA:28,2
DA:71,1
LF:13
LH:13
BRDA:14,0,0,1
BRDA:14,0,1,1
BRDA:35,1,0,1
BRDA:35,1,1,7
BRF:4
BRH:4
end_of_record
TN:
SF:src\components\pagination\Pagination.tsx
FN:14,Pagination
FN:27,(anonymous_2)
FN:31,(anonymous_3)
FN:46,(anonymous_4)
FN:49,(anonymous_5)
FNF:5
FNH:5
FNDA:9,Pagination
FNDA:1,(anonymous_2)
FNDA:1,(anonymous_3)
FNDA:39,(anonymous_4)
FNDA:1,(anonymous_5)
DA:1,1
DA:3,1
DA:4,1
DA:5,1
DA:14,1
DA:20,9
DA:25,9
DA:27,9
DA:28,1
DA:31,9
DA:32,1
DA:35,9
DA:47,39
DA:48,34
DA:49,1
DA:53,5
DA:54,5
LF:17
LH:17
BRDA:47,0,0,34
BRDA:53,1,0,5
BRF:2
BRH:2
end_of_record
TN:
SF:src\components\radio-hide-input\RadioHideInput.tsx
FN:11,RadioHideInput
FNF:1
FNH:1
FNDA:3,RadioHideInput
DA:1,1
DA:2,1
DA:11,1
DA:16,3
LF:4
LH:4
BRF:0
BRH:0
end_of_record
TN:
SF:src\components\search-filter\SearchFilter.tsx
FN:12,SearchFilter
FN:22,clearInput
FN:29,handleClick
FN:37,handleKeyPress
FNF:4
FNH:4
FNDA:5,SearchFilter
FNDA:1,clearInput
FNDA:2,handleClick
FNDA:25,handleKeyPress
DA:1,1
DA:2,1
DA:12,1
DA:18,5
DA:19,5
DA:23,1
DA:24,1
DA:25,1
DA:26,1
DA:30,2
DA:32,2
DA:33,1
DA:38,25
DA:39,1
DA:40,1
DA:44,5
LF:16
LH:16
BRDA:25,0,0,1
BRDA:32,1,0,1
BRDA:32,2,0,2
BRDA:32,2,1,1
BRDA:38,3,0,1
BRDA:40,4,0,1
BRF:6
BRH:6
end_of_record
TN:
SF:src\components\table-component\TableComponent.tsx
FN:8,TableComponent
FN:16,(anonymous_2)
FN:23,(anonymous_3)
FN:35,TableHeadItem
FN:39,TableRow
FN:40,(anonymous_6)
FNF:6
FNH:6
FNDA:1,TableComponent
FNDA:1,(anonymous_2)
FNDA:98,(anonymous_3)
FNDA:1,TableHeadItem
FNDA:98,TableRow
FNDA:294,(anonymous_6)
DA:1,1
DA:8,1
DA:12,1
DA:17,1
DA:24,98
DA:25,98
DA:26,98
DA:27,98
DA:36,1
DA:40,294
LF:10
LH:10
BRDA:21,0,0,1
BRDA:21,0,1,1
BRF:2
BRH:2
end_of_record
TN:
SF:src\custom-hooks\usePagination.ts
FN:11,usePagination
FN:17,(anonymous_2)
FNF:2
FNH:2
FNDA:9,usePagination
FNDA:9,(anonymous_2)
DA:1,1
DA:2,1
DA:11,1
DA:17,9
DA:18,9
DA:19,9
DA:20,9
DA:22,9
DA:24,5
DA:25,5
DA:30,5
DA:31,5
DA:33,5
DA:34,5
DA:36,5
DA:37,1
DA:38,1
DA:40,1
DA:43,4
DA:44,2
DA:45,2
DA:49,2
DA:52,2
DA:53,1
DA:54,1
DA:56,1
DA:59,9
LF:27
LH:27
BRDA:15,0,0,9
BRDA:22,1,0,4
BRDA:36,2,0,1
BRDA:36,3,0,5
BRDA:36,3,1,2
BRDA:43,4,0,2
BRDA:43,5,0,4
BRDA:43,5,1,3
BRDA:52,6,0,1
BRDA:52,7,0,2
BRDA:52,7,1,1
BRF:11
BRH:11
end_of_record
TN:
SF:src\test-helpers\BasicApp.tsx
FN:4,(anonymous_1)
FN:10,(anonymous_2)
FN:16,(anonymous_3)
FN:22,(anonymous_4)
FN:28,(anonymous_5)
FN:35,(anonymous_6)
FNF:6
FNH:6
FNDA:3,(anonymous_1)
FNDA:3,(anonymous_2)
FNDA:3,(anonymous_3)
FNDA:3,(anonymous_4)
FNDA:3,(anonymous_5)
FNDA:3,(anonymous_6)
DA:1,1
DA:2,1
DA:4,1
DA:5,3
DA:10,1
DA:11,3
DA:16,1
DA:17,3
DA:22,1
DA:23,3
DA:28,1
DA:29,3
DA:35,1
DA:36,3
DA:37,3
DA:51,1
LF:16
LH:16
BRF:0
BRH:0
end_of_record
TN:
SF:src\test-helpers\user-event-setup.tsx
FN:11,setup
FN:19,renderWithRouter
FN:28,(anonymous_3)
FN:31,(anonymous_4)
FN:38,renderWithRouterAndHistory
FN:52,(anonymous_6)
FN:55,(anonymous_7)
FN:60,renderWithMemoryRouter
FNF:8
FNH:8
FNDA:25,setup
FNDA:2,renderWithRouter
FNDA:1,(anonymous_3)
FNDA:1,(anonymous_4)
FNDA:1,renderWithRouterAndHistory
FNDA:1,(anonymous_6)
FNDA:1,(anonymous_7)
FNDA:1,renderWithMemoryRouter
DA:1,8
DA:2,8
DA:3,8
DA:4,8
DA:11,8
DA:12,25
DA:19,8
DA:20,2
DA:22,2
DA:28,8
DA:31,1
DA:32,1
DA:38,8
DA:42,1
DA:52,8
DA:55,1
DA:56,1
DA:60,8
DA:64,1
LF:19
LH:19
BRDA:19,0,0,2
BRDA:19,1,0,2
BRF:2
BRH:2
end_of_record
